Determining if the pthread_create exist failed with the following output:
Change Dir: /home/pat/quad_sim/build/CMakeFiles/CMakeTmp

Run Build Command:"/usr/bin/make" "cmTC_e0848/fast"
/usr/bin/make -f CMakeFiles/cmTC_e0848.dir/build.make CMakeFiles/cmTC_e0848.dir/build
make[1]: Entering directory '/home/pat/quad_sim/build/CMakeFiles/CMakeTmp'
Building C object CMakeFiles/cmTC_e0848.dir/CheckSymbolExists.c.o
/usr/bin/cc    -o CMakeFiles/cmTC_e0848.dir/CheckSymbolExists.c.o   -c /home/pat/quad_sim/build/CMakeFiles/CMakeTmp/CheckSymbolExists.c
Linking C executable cmTC_e0848
/usr/bin/cmake -E cmake_link_script CMakeFiles/cmTC_e0848.dir/link.txt --verbose=1
/usr/bin/cc      -rdynamic CMakeFiles/cmTC_e0848.dir/CheckSymbolExists.c.o  -o cmTC_e0848 
CMakeFiles/cmTC_e0848.dir/CheckSymbolExists.c.o: In function `main':
CheckSymbolExists.c:(.text+0x1b): undefined reference to `pthread_create'
collect2: error: ld returned 1 exit status
CMakeFiles/cmTC_e0848.dir/build.make:97: recipe for target 'cmTC_e0848' failed
make[1]: *** [cmTC_e0848] Error 1
make[1]: Leaving directory '/home/pat/quad_sim/build/CMakeFiles/CMakeTmp'
Makefile:126: recipe for target 'cmTC_e0848/fast' failed
make: *** [cmTC_e0848/fast] Error 2

File /home/pat/quad_sim/build/CMakeFiles/CMakeTmp/CheckSymbolExists.c:
/* */
#include <pthread.h>

int main(int argc, char** argv)
{
  (void)argv;
#ifndef pthread_create
  return ((int*)(&pthread_create))[argc];
#else
  (void)argc;
  return 0;
#endif
}

Determining if the function pthread_create exists in the pthreads failed with the following output:
Change Dir: /home/pat/quad_sim/build/CMakeFiles/CMakeTmp

Run Build Command:"/usr/bin/make" "cmTC_8d734/fast"
/usr/bin/make -f CMakeFiles/cmTC_8d734.dir/build.make CMakeFiles/cmTC_8d734.dir/build
make[1]: Entering directory '/home/pat/quad_sim/build/CMakeFiles/CMakeTmp'
Building C object CMakeFiles/cmTC_8d734.dir/CheckFunctionExists.c.o
/usr/bin/cc   -DCHECK_FUNCTION_EXISTS=pthread_create   -o CMakeFiles/cmTC_8d734.dir/CheckFunctionExists.c.o   -c /usr/share/cmake-3.10/Modules/CheckFunctionExists.c
Linking C executable cmTC_8d734
/usr/bin/cmake -E cmake_link_script CMakeFiles/cmTC_8d734.dir/link.txt --verbose=1
/usr/bin/cc  -DCHECK_FUNCTION_EXISTS=pthread_create    -rdynamic CMakeFiles/cmTC_8d734.dir/CheckFunctionExists.c.o  -o cmTC_8d734 -lpthreads 
/usr/bin/ld: cannot find -lpthreads
collect2: error: ld returned 1 exit status
CMakeFiles/cmTC_8d734.dir/build.make:97: recipe for target 'cmTC_8d734' failed
make[1]: *** [cmTC_8d734] Error 1
make[1]: Leaving directory '/home/pat/quad_sim/build/CMakeFiles/CMakeTmp'
Makefile:126: recipe for target 'cmTC_8d734/fast' failed
make: *** [cmTC_8d734/fast] Error 2


